#
# There is insufficient memory for the Java Runtime Environment to continue.
# Native memory allocation (malloc) failed to allocate 1142752 bytes for Chunk::new
# Possible reasons:
#   The system is out of physical RAM or swap space
#   The process is running with CompressedOops enabled, and the Java Heap may be blocking the growth of the native heap
# Possible solutions:
#   Reduce memory load on the system
#   Increase physical memory or swap space
#   Check if swap backing store is full
#   Decrease Java heap size (-Xmx/-Xms)
#   Decrease number of Java threads
#   Decrease Java thread stack sizes (-Xss)
#   Set larger code cache with -XX:ReservedCodeCacheSize=
#   JVM is running with Unscaled Compressed Oops mode in which the Java heap is
#     placed in the first 4GB address space. The Java Heap base address is the
#     maximum limit for the native heap growth. Please use -XX:HeapBaseMinAddress
#     to set the Java Heap base and to place the Java Heap above 4GB virtual address.
# This output file may be truncated or incomplete.
#
#  Out of Memory Error (t:/workspace/open/src/hotspot/share/memory/arena.cpp:195), pid=1572, tid=10192
#
# JRE version: OpenJDK Runtime Environment (14.0+36) (build 14+36-1461)
# Java VM: OpenJDK 64-Bit Server VM (14+36-1461, mixed mode, sharing, tiered, compressed oops, g1 gc, windows-amd64)
# No core dump will be written. Minidumps are not enabled by default on client versions of Windows
#

---------------  S U M M A R Y ------------

Command Line: -Dclassworlds.conf=D:\NetBeans-20\netbeans\java\maven\bin\m2.conf -Dmaven.home=D:\NetBeans-20\netbeans\java\maven -Dlibrary.jansi.path=D:\NetBeans-20\netbeans\java\maven\lib\jansi-native -Dmaven.multiModuleProjectDirectory=D:\spring\QLCC\QuanLyChungCu\QuanLyChungCu org.codehaus.plexus.classworlds.launcher.Launcher -Dnetbeans.deploy=true -Dexec.vmArgs= -Dexec.appArgs= -Dmaven.ext.class.path=D:\NetBeans-20\netbeans\java\maven-nblib\netbeans-eventspy.jar -Dfile.encoding=UTF-8 --no-transfer-progress package

Host: 11th Gen Intel(R) Core(TM) i5-1135G7 @ 2.40GHz, 8 cores, 7G,  Windows 10 , 64 bit Build 19041 (10.0.19041.3636)
Time: Sat Jun 15 18:43:52 2024 SE Asia Standard Time elapsed time: 14 seconds (0d 0h 0m 14s)

---------------  T H R E A D  ---------------

Current thread (0x00000185691fa000):  JavaThread "C2 CompilerThread0" daemon [_thread_in_native, id=10192, stack(0x00000001bc000000,0x00000001bc100000)]


Current CompileTask:
C2:  14476 9619 % !   4       java.nio.file.Files::walkFileTree @ 19 (295 bytes)

Stack: [0x00000001bc000000,0x00000001bc100000]
Native frames: (J=compiled Java code, j=interpreted, Vv=VM code, C=native code)
V  [jvm.dll+0x5f83ea]
V  [jvm.dll+0x741e2a]
V  [jvm.dll+0x7435df]
V  [jvm.dll+0x743c23]
V  [jvm.dll+0x20d268]
V  [jvm.dll+0xabb07]
V  [jvm.dll+0xac1fc]
V  [jvm.dll+0x31c4a5]
V  [jvm.dll+0x2e6b28]
V  [jvm.dll+0x2e5f2a]
V  [jvm.dll+0x1e5df6]
V  [jvm.dll+0x1e5098]
V  [jvm.dll+0x1779cc]
V  [jvm.dll+0x1f40e5]
V  [jvm.dll+0x1f22cb]
V  [jvm.dll+0x706a7d]
V  [jvm.dll+0x6ff89a]
V  [jvm.dll+0x5f72a6]
C  [ucrtbase.dll+0x21bb2]
C  [KERNEL32.DLL+0x17344]
C  [ntdll.dll+0x4cc91]


---------------  P R O C E S S  ---------------

Threads class SMR info:
_java_thread_list=0x000001856feeb910, length=13, elements={
0x000001854a365800, 0x00000185691d7800, 0x00000185691db000, 0x00000185691f7000,
0x00000185691f8000, 0x00000185691f9000, 0x00000185691fa000, 0x00000185691fc800,
0x0000018569200000, 0x0000018569c3c800, 0x0000018569c45800, 0x000001856ef4e800,
0x000001856f416000
}

Java Threads: ( => current thread )
  0x000001854a365800 JavaThread "main" [_thread_in_vm, id=6344, stack(0x00000001bb400000,0x00000001bb500000)]
  0x00000185691d7800 JavaThread "Reference Handler" daemon [_thread_blocked, id=10644, stack(0x00000001bbb00000,0x00000001bbc00000)]
  0x00000185691db000 JavaThread "Finalizer" daemon [_thread_blocked, id=9360, stack(0x00000001bbc00000,0x00000001bbd00000)]
  0x00000185691f7000 JavaThread "Signal Dispatcher" daemon [_thread_blocked, id=5356, stack(0x00000001bbd00000,0x00000001bbe00000)]
  0x00000185691f8000 JavaThread "Attach Listener" daemon [_thread_blocked, id=4708, stack(0x00000001bbe00000,0x00000001bbf00000)]
  0x00000185691f9000 JavaThread "Service Thread" daemon [_thread_blocked, id=15224, stack(0x00000001bbf00000,0x00000001bc000000)]
=>0x00000185691fa000 JavaThread "C2 CompilerThread0" daemon [_thread_in_native, id=10192, stack(0x00000001bc000000,0x00000001bc100000)]
  0x00000185691fc800 JavaThread "C1 CompilerThread0" daemon [_thread_blocked, id=11888, stack(0x00000001bc100000,0x00000001bc200000)]
  0x0000018569200000 JavaThread "Sweeper thread" daemon [_thread_blocked, id=4444, stack(0x00000001bc200000,0x00000001bc300000)]
  0x0000018569c3c800 JavaThread "Notification Thread" daemon [_thread_blocked, id=13304, stack(0x00000001bc300000,0x00000001bc400000)]
  0x0000018569c45800 JavaThread "Common-Cleaner" daemon [_thread_blocked, id=3140, stack(0x00000001bc500000,0x00000001bc600000)]
  0x000001856ef4e800 JavaThread "C2 CompilerThread1" daemon [_thread_in_native, id=1352, stack(0x00000001bc600000,0x00000001bc700000)]
  0x000001856f416000 JavaThread "C2 CompilerThread2" daemon [_thread_in_native, id=7184, stack(0x00000001bc700000,0x00000001bc800000)]

Other Threads:
  0x00000185691d5000 VMThread "VM Thread" [stack: 0x00000001bba00000,0x00000001bbb00000] [id=2068]
  0x0000018569c3d000 WatcherThread [stack: 0x00000001bc400000,0x00000001bc500000] [id=13028]
  0x000001854a3a7000 GCTaskThread "GC Thread#0" [stack: 0x00000001bb500000,0x00000001bb600000] [id=9000]
  0x000001856aa17000 GCTaskThread "GC Thread#1" [stack: 0x00000001bc800000,0x00000001bc900000] [id=12496]
  0x000001856a6de800 GCTaskThread "GC Thread#2" [stack: 0x00000001bc900000,0x00000001bca00000] [id=15176]
  0x000001854a3b8000 ConcurrentGCThread "G1 Main Marker" [stack: 0x00000001bb600000,0x00000001bb700000] [id=8244]
  0x000001854a3b9800 ConcurrentGCThread "G1 Conc#0" [stack: 0x00000001bb700000,0x00000001bb800000] [id=7728]
  0x000001856abbf800 ConcurrentGCThread "G1 Conc#1" [stack: 0x00000001bca00000,0x00000001bcb00000] [id=16604]
  0x000001854a434800 ConcurrentGCThread "G1 Refine#0" [stack: 0x00000001bb800000,0x00000001bb900000] [id=3044]
  0x000001856d318000 ConcurrentGCThread "G1 Refine#1" [stack: 0x00000001bcb00000,0x00000001bcc00000] [id=17360]
  0x000001856bc2f800 ConcurrentGCThread "G1 Refine#2" [stack: 0x00000001bcc00000,0x00000001bcd00000] [id=6528]
  0x000001856b5a7800 ConcurrentGCThread "G1 Refine#3" [stack: 0x00000001bcd00000,0x00000001bce00000] [id=16700]
  0x000001854a435800 ConcurrentGCThread "G1 Young RemSet Sampling" [stack: 0x00000001bb900000,0x00000001bba00000] [id=10236]

Threads with active compile tasks:
C2 CompilerThread0    14492 9619 % !   4       java.nio.file.Files::walkFileTree @ 19 (295 bytes)
C2 CompilerThread1    14492 9630   !   4       java.util.concurrent.ConcurrentHashMap::putVal (432 bytes)
C2 CompilerThread2    14492 9643       4       lombok.launch.ClassFileMetaData::decodeString (181 bytes)

VM state:not at safepoint (normal execution)

VM Mutex/Monitor currently owned by a thread: None

Heap address: 0x0000000084400000, size: 1980 MB, Compressed Oops mode: 32-bit
Narrow klass base: 0x0000000800000000, Narrow klass shift: 3
Compressed class space size: 1073741824 Address: 0x0000000800b30000

Heap:
 garbage-first heap   total 164864K, used 78073K [0x0000000084400000, 0x0000000100000000)
  region size 1024K, 12 young (12288K), 5 survivors (5120K)
 Metaspace       used 34918K, capacity 36066K, committed 36272K, reserved 1081344K
  class space    used 3864K, capacity 4250K, committed 4352K, reserved 1048576K
Heap Regions: E=young(eden), S=young(survivor), O=old, HS=humongous(starts), HC=humongous(continues), CS=collection set, F=free, OA=open archive, CA=closed archive, TAMS=top-at-mark-start (previous, next)
|   0|0x0000000084400000, 0x0000000084500000, 0x0000000084500000|100%| O|  |TAMS 0x0000000084500000, 0x0000000084400000| Untracked 
|   1|0x0000000084500000, 0x0000000084600000, 0x0000000084600000|100%| O|  |TAMS 0x0000000084600000, 0x0000000084500000| Untracked 
|   2|0x0000000084600000, 0x0000000084700000, 0x0000000084700000|100%| O|  |TAMS 0x0000000084700000, 0x0000000084600000| Untracked 
|   3|0x0000000084700000, 0x0000000084800000, 0x0000000084800000|100%| O|  |TAMS 0x0000000084800000, 0x0000000084700000| Untracked 
|   4|0x0000000084800000, 0x0000000084900000, 0x0000000084900000|100%| O|  |TAMS 0x0000000084900000, 0x0000000084800000| Untracked 
|   5|0x0000000084900000, 0x0000000084a00000, 0x0000000084a00000|100%| O|  |TAMS 0x0000000084a00000, 0x0000000084900000| Untracked 
|   6|0x0000000084a00000, 0x0000000084b00000, 0x0000000084b00000|100%| O|  |TAMS 0x0000000084b00000, 0x0000000084a00000| Untracked 
|   7|0x0000000084b00000, 0x0000000084c00000, 0x0000000084c00000|100%| O|  |TAMS 0x0000000084c00000, 0x0000000084b00000| Untracked 
|   8|0x0000000084c00000, 0x0000000084d00000, 0x0000000084d00000|100%| O|  |TAMS 0x0000000084d00000, 0x0000000084c00000| Untracked 
|   9|0x0000000084d00000, 0x0000000084e00000, 0x0000000084e00000|100%| O|  |TAMS 0x0000000084e00000, 0x0000000084d00000| Untracked 
|  10|0x0000000084e00000, 0x0000000084f00000, 0x0000000084f00000|100%| O|  |TAMS 0x0000000084f00000, 0x0000000084e00000| Untracked 
|  11|0x0000000084f00000, 0x0000000085000000, 0x0000000085000000|100%| O|  |TAMS 0x0000000085000000, 0x0000000084f00000| Untracked 
|  12|0x0000000085000000, 0x00000000850fde00, 0x0000000085100000| 99%| O|  |TAMS 0x00000000850fde00, 0x0000000085000000| Untracked 
|  13|0x0000000085100000, 0x0000000085200000, 0x0000000085200000|100%|HS|  |TAMS 0x0000000085100000, 0x0000000085100000| Complete 
|  14|0x0000000085200000, 0x0000000085300000, 0x0000000085300000|100%| O|  |TAMS 0x0000000085300000, 0x0000000085200000| Untracked 
|  15|0x0000000085300000, 0x0000000085400000, 0x0000000085400000|100%| O|  |TAMS 0x0000000085400000, 0x0000000085300000| Untracked 
|  16|0x0000000085400000, 0x0000000085500000, 0x0000000085500000|100%| O|  |TAMS 0x0000000085500000, 0x0000000085400000| Untracked 
|  17|0x0000000085500000, 0x0000000085600000, 0x0000000085600000|100%| O|  |TAMS 0x0000000085600000, 0x0000000085500000| Untracked 
|  18|0x0000000085600000, 0x0000000085700000, 0x0000000085700000|100%| O|  |TAMS 0x0000000085700000, 0x0000000085600000| Untracked 
|  19|0x0000000085700000, 0x0000000085800000, 0x0000000085800000|100%| O|  |TAMS 0x0000000085800000, 0x0000000085700000| Untracked 
|  20|0x0000000085800000, 0x0000000085900000, 0x0000000085900000|100%| O|  |TAMS 0x0000000085900000, 0x0000000085800000| Untracked 
|  21|0x0000000085900000, 0x0000000085a00000, 0x0000000085a00000|100%| O|  |TAMS 0x0000000085a00000, 0x0000000085900000| Untracked 
|  22|0x0000000085a00000, 0x0000000085b00000, 0x0000000085b00000|100%| O|  |TAMS 0x0000000085b00000, 0x0000000085a00000| Untracked 
|  23|0x0000000085b00000, 0x0000000085c00000, 0x0000000085c00000|100%| O|  |TAMS 0x0000000085c00000, 0x0000000085b00000| Untracked 
|  24|0x0000000085c00000, 0x0000000085d00000, 0x0000000085d00000|100%| O|  |TAMS 0x0000000085d00000, 0x0000000085c00000| Untracked 
|  25|0x0000000085d00000, 0x0000000085e00000, 0x0000000085e00000|100%| O|  |TAMS 0x0000000085e00000, 0x0000000085d00000| Untracked 
|  26|0x0000000085e00000, 0x0000000085f00000, 0x0000000085f00000|100%|HS|  |TAMS 0x0000000085f00000, 0x0000000085e00000| Complete 
|  27|0x0000000085f00000, 0x0000000086000000, 0x0000000086000000|100%| O|  |TAMS 0x0000000086000000, 0x0000000085f00000| Untracked 
|  28|0x0000000086000000, 0x0000000086100000, 0x0000000086100000|100%| O|  |TAMS 0x0000000086100000, 0x0000000086000000| Untracked 
|  29|0x0000000086100000, 0x0000000086200000, 0x0000000086200000|100%| O|  |TAMS 0x0000000086200000, 0x0000000086100000| Untracked 
|  30|0x0000000086200000, 0x0000000086300000, 0x0000000086300000|100%| O|  |TAMS 0x0000000086300000, 0x0000000086200000| Untracked 
|  31|0x0000000086300000, 0x0000000086400000, 0x0000000086400000|100%| O|  |TAMS 0x0000000086400000, 0x0000000086300000| Untracked 
|  32|0x0000000086400000, 0x0000000086500000, 0x0000000086500000|100%| O|  |TAMS 0x0000000086400000, 0x0000000086400000| Untracked 
|  33|0x0000000086500000, 0x0000000086600000, 0x0000000086600000|100%| O|  |TAMS 0x0000000086600000, 0x0000000086500000| Untracked 
|  34|0x0000000086600000, 0x0000000086700000, 0x0000000086700000|100%| O|  |TAMS 0x0000000086700000, 0x0000000086600000| Untracked 
|  35|0x0000000086700000, 0x0000000086800000, 0x0000000086800000|100%| O|  |TAMS 0x0000000086800000, 0x0000000086700000| Untracked 
|  36|0x0000000086800000, 0x0000000086900000, 0x0000000086900000|100%| O|  |TAMS 0x0000000086900000, 0x0000000086800000| Untracked 
|  37|0x0000000086900000, 0x0000000086a00000, 0x0000000086a00000|100%| O|  |TAMS 0x0000000086a00000, 0x0000000086900000| Untracked 
|  38|0x0000000086a00000, 0x0000000086b00000, 0x0000000086b00000|100%| O|  |TAMS 0x0000000086b00000, 0x0000000086a00000| Untracked 
|  39|0x0000000086b00000, 0x0000000086c00000, 0x0000000086c00000|100%| O|  |TAMS 0x0000000086c00000, 0x0000000086b00000| Untracked 
|  40|0x0000000086c00000, 0x0000000086d00000, 0x0000000086d00000|100%| O|  |TAMS 0x0000000086d00000, 0x0000000086c00000| Untracked 
|  41|0x0000000086d00000, 0x0000000086e00000, 0x0000000086e00000|100%|HS|  |TAMS 0x0000000086e00000, 0x0000000086d00000| Complete 
|  42|0x0000000086e00000, 0x0000000086f00000, 0x0000000086f00000|100%|HC|  |TAMS 0x0000000086f00000, 0x0000000086e00000| Complete 
|  43|0x0000000086f00000, 0x0000000087000000, 0x0000000087000000|100%| O|  |TAMS 0x0000000087000000, 0x0000000086f00000| Untracked 
|  44|0x0000000087000000, 0x0000000087100000, 0x0000000087100000|100%| O|  |TAMS 0x0000000087100000, 0x0000000087000000| Untracked 
|  45|0x0000000087100000, 0x0000000087200000, 0x0000000087200000|100%| O|  |TAMS 0x0000000087153800, 0x0000000087100000| Untracked 
|  46|0x0000000087200000, 0x0000000087300000, 0x0000000087300000|100%| O|  |TAMS 0x0000000087200000, 0x0000000087200000| Untracked 
|  47|0x0000000087300000, 0x0000000087400000, 0x0000000087400000|100%|HS|  |TAMS 0x0000000087300000, 0x0000000087300000| Complete 
|  48|0x0000000087400000, 0x0000000087500000, 0x0000000087500000|100%| O|  |TAMS 0x0000000087400000, 0x0000000087400000| Untracked 
|  49|0x0000000087500000, 0x0000000087600000, 0x0000000087600000|100%| O|  |TAMS 0x0000000087500000, 0x0000000087500000| Untracked 
|  50|0x0000000087600000, 0x0000000087700000, 0x0000000087700000|100%| O|  |TAMS 0x0000000087600000, 0x0000000087600000| Untracked 
|  51|0x0000000087700000, 0x0000000087800000, 0x0000000087800000|100%| O|  |TAMS 0x0000000087700000, 0x0000000087700000| Untracked 
|  52|0x0000000087800000, 0x0000000087900000, 0x0000000087900000|100%| O|  |TAMS 0x0000000087800000, 0x0000000087800000| Untracked 
|  53|0x0000000087900000, 0x0000000087a00000, 0x0000000087a00000|100%| O|  |TAMS 0x0000000087900000, 0x0000000087900000| Untracked 
|  54|0x0000000087a00000, 0x0000000087b00000, 0x0000000087b00000|100%| O|  |TAMS 0x0000000087a00000, 0x0000000087a00000| Untracked 
|  55|0x0000000087b00000, 0x0000000087c00000, 0x0000000087c00000|100%| O|  |TAMS 0x0000000087b00000, 0x0000000087b00000| Untracked 
|  56|0x0000000087c00000, 0x0000000087d00000, 0x0000000087d00000|100%| O|  |TAMS 0x0000000087c00000, 0x0000000087c00000| Untracked 
|  57|0x0000000087d00000, 0x0000000087e00000, 0x0000000087e00000|100%| O|  |TAMS 0x0000000087d00000, 0x0000000087d00000| Untracked 
|  58|0x0000000087e00000, 0x0000000087e00000, 0x0000000087f00000|  0%| F|  |TAMS 0x0000000087e00000, 0x0000000087e00000| Untracked 
|  59|0x0000000087f00000, 0x0000000087f00000, 0x0000000088000000|  0%| F|  |TAMS 0x0000000087f00000, 0x0000000087f00000| Untracked 
|  60|0x0000000088000000, 0x0000000088000000, 0x0000000088100000|  0%| F|  |TAMS 0x0000000088000000, 0x0000000088000000| Untracked 
|  61|0x0000000088100000, 0x0000000088100000, 0x0000000088200000|  0%| F|  |TAMS 0x0000000088100000, 0x0000000088100000| Untracked 
|  62|0x0000000088200000, 0x0000000088300000, 0x0000000088300000|100%| O|  |TAMS 0x0000000088200000, 0x0000000088200000| Untracked 
|  63|0x0000000088300000, 0x0000000088400000, 0x0000000088400000|100%| O|  |TAMS 0x0000000088300000, 0x0000000088300000| Untracked 
|  64|0x0000000088400000, 0x0000000088500000, 0x0000000088500000|100%| O|  |TAMS 0x0000000088400000, 0x0000000088400000| Untracked 
|  65|0x0000000088500000, 0x0000000088500000, 0x0000000088600000|  0%| F|  |TAMS 0x0000000088500000, 0x0000000088500000| Untracked 
|  66|0x0000000088600000, 0x0000000088600000, 0x0000000088700000|  0%| F|  |TAMS 0x0000000088600000, 0x0000000088600000| Untracked 
|  67|0x0000000088700000, 0x0000000088700000, 0x0000000088800000|  0%| F|  |TAMS 0x0000000088700000, 0x0000000088700000| Untracked 
|  68|0x0000000088800000, 0x0000000088800000, 0x0000000088900000|  0%| F|  |TAMS 0x0000000088800000, 0x0000000088800000| Untracked 
|  69|0x0000000088900000, 0x00000000889dc600, 0x0000000088a00000| 86%| O|  |TAMS 0x0000000088900000, 0x0000000088900000| Untracked 
|  70|0x0000000088a00000, 0x0000000088a00000, 0x0000000088b00000|  0%| F|  |TAMS 0x0000000088a00000, 0x0000000088a00000| Untracked 
|  71|0x0000000088b00000, 0x0000000088b00000, 0x0000000088c00000|  0%| F|  |TAMS 0x0000000088b00000, 0x0000000088b00000| Untracked 
|  72|0x0000000088c00000, 0x0000000088c00000, 0x0000000088d00000|  0%| F|  |TAMS 0x0000000088c00000, 0x0000000088c00000| Untracked 
|  73|0x0000000088d00000, 0x0000000088d00000, 0x0000000088e00000|  0%| F|  |TAMS 0x0000000088d00000, 0x0000000088d00000| Untracked 
|  74|0x0000000088e00000, 0x0000000088e00000, 0x0000000088f00000|  0%| F|  |TAMS 0x0000000088e00000, 0x0000000088e00000| Untracked 
|  75|0x0000000088f00000, 0x0000000088f00000, 0x0000000089000000|  0%| F|  |TAMS 0x0000000088f00000, 0x0000000088f00000| Untracked 
|  76|0x0000000089000000, 0x0000000089000000, 0x0000000089100000|  0%| F|  |TAMS 0x0000000089000000, 0x0000000089000000| Untracked 
|  77|0x0000000089100000, 0x0000000089100000, 0x0000000089200000|  0%| F|  |TAMS 0x0000000089100000, 0x0000000089100000| Untracked 
|  78|0x0000000089200000, 0x0000000089200000, 0x0000000089300000|  0%| F|  |TAMS 0x0000000089200000, 0x0000000089200000| Untracked 
|  79|0x0000000089300000, 0x0000000089300000, 0x0000000089400000|  0%| F|  |TAMS 0x0000000089300000, 0x0000000089300000| Untracked 
|  80|0x0000000089400000, 0x0000000089400000, 0x0000000089500000|  0%| F|  |TAMS 0x0000000089400000, 0x0000000089400000| Untracked 
|  81|0x0000000089500000, 0x0000000089500000, 0x0000000089600000|  0%| F|  |TAMS 0x0000000089500000, 0x0000000089500000| Untracked 
|  82|0x0000000089600000, 0x0000000089600000, 0x0000000089700000|  0%| F|  |TAMS 0x0000000089600000, 0x0000000089600000| Untracked 
|  83|0x0000000089700000, 0x0000000089764290, 0x0000000089800000| 39%| S|CS|TAMS 0x0000000089700000, 0x0000000089700000| Complete 
|  84|0x0000000089800000, 0x0000000089900000, 0x0000000089900000|100%| S|CS|TAMS 0x0000000089800000, 0x0000000089800000| Complete 
|  85|0x0000000089900000, 0x0000000089a00000, 0x0000000089a00000|100%| S|CS|TAMS 0x0000000089900000, 0x0000000089900000| Complete 
|  86|0x0000000089a00000, 0x0000000089b00000, 0x0000000089b00000|100%| S|CS|TAMS 0x0000000089a00000, 0x0000000089a00000| Complete 
|  87|0x0000000089b00000, 0x0000000089c00000, 0x0000000089c00000|100%| S|CS|TAMS 0x0000000089b00000, 0x0000000089b00000| Complete 
|  88|0x0000000089c00000, 0x0000000089c00000, 0x0000000089d00000|  0%| F|  |TAMS 0x0000000089c00000, 0x0000000089c00000| Untracked 
|  89|0x0000000089d00000, 0x0000000089d00000, 0x0000000089e00000|  0%| F|  |TAMS 0x0000000089d00000, 0x0000000089d00000| Untracked 
|  90|0x0000000089e00000, 0x0000000089e00000, 0x0000000089f00000|  0%| F|  |TAMS 0x0000000089e00000, 0x0000000089e00000| Untracked 
|  91|0x0000000089f00000, 0x0000000089f00000, 0x000000008a000000|  0%| F|  |TAMS 0x0000000089f00000, 0x0000000089f00000| Untracked 
|  92|0x000000008a000000, 0x000000008a000000, 0x000000008a100000|  0%| F|  |TAMS 0x000000008a000000, 0x000000008a000000| Untracked 
|  93|0x000000008a100000, 0x000000008a100000, 0x000000008a200000|  0%| F|  |TAMS 0x000000008a100000, 0x000000008a100000| Untracked 
|  94|0x000000008a200000, 0x000000008a200000, 0x000000008a300000|  0%| F|  |TAMS 0x000000008a200000, 0x000000008a200000| Untracked 
|  95|0x000000008a300000, 0x000000008a300000, 0x000000008a400000|  0%| F|  |TAMS 0x000000008a300000, 0x000000008a300000| Untracked 
|  96|0x000000008a400000, 0x000000008a400000, 0x000000008a500000|  0%| F|  |TAMS 0x000000008a400000, 0x000000008a400000| Untracked 
|  97|0x000000008a500000, 0x000000008a500000, 0x000000008a600000|  0%| F|  |TAMS 0x000000008a500000, 0x000000008a500000| Untracked 
|  98|0x000000008a600000, 0x000000008a600000, 0x000000008a700000|  0%| F|  |TAMS 0x000000008a600000, 0x000000008a600000| Untracked 
|  99|0x000000008a700000, 0x000000008a700000, 0x000000008a800000|  0%| F|  |TAMS 0x000000008a700000, 0x000000008a700000| Untracked 
| 100|0x000000008a800000, 0x000000008a800000, 0x000000008a900000|  0%| F|  |TAMS 0x000000008a800000, 0x000000008a800000| Untracked 
| 101|0x000000008a900000, 0x000000008a900000, 0x000000008aa00000|  0%| F|  |TAMS 0x000000008a900000, 0x000000008a900000| Untracked 
| 102|0x000000008aa00000, 0x000000008aa00000, 0x000000008ab00000|  0%| F|  |TAMS 0x000000008aa00000, 0x000000008aa00000| Untracked 
| 103|0x000000008ab00000, 0x000000008ab00000, 0x000000008ac00000|  0%| F|  |TAMS 0x000000008ab00000, 0x000000008ab00000| Untracked 
| 104|0x000000008ac00000, 0x000000008ac00000, 0x000000008ad00000|  0%| F|  |TAMS 0x000000008ac00000, 0x000000008ac00000| Untracked 
| 105|0x000000008ad00000, 0x000000008ad00000, 0x000000008ae00000|  0%| F|  |TAMS 0x000000008ad00000, 0x000000008ad00000| Untracked 
| 106|0x000000008ae00000, 0x000000008ae00000, 0x000000008af00000|  0%| F|  |TAMS 0x000000008ae00000, 0x000000008ae00000| Untracked 
| 107|0x000000008af00000, 0x000000008af00000, 0x000000008b000000|  0%| F|  |TAMS 0x000000008af00000, 0x000000008af00000| Untracked 
| 108|0x000000008b000000, 0x000000008b000000, 0x000000008b100000|  0%| F|  |TAMS 0x000000008b000000, 0x000000008b000000| Untracked 
| 109|0x000000008b100000, 0x000000008b100000, 0x000000008b200000|  0%| F|  |TAMS 0x000000008b100000, 0x000000008b100000| Untracked 
| 110|0x000000008b200000, 0x000000008b200000, 0x000000008b300000|  0%| F|  |TAMS 0x000000008b200000, 0x000000008b200000| Untracked 
| 111|0x000000008b300000, 0x000000008b300000, 0x000000008b400000|  0%| F|  |TAMS 0x000000008b300000, 0x000000008b300000| Untracked 
| 112|0x000000008b400000, 0x000000008b400000, 0x000000008b500000|  0%| F|  |TAMS 0x000000008b400000, 0x000000008b400000| Untracked 
| 113|0x000000008b500000, 0x000000008b500000, 0x000000008b600000|  0%| F|  |TAMS 0x000000008b500000, 0x000000008b500000| Untracked 
| 114|0x000000008b600000, 0x000000008b600000, 0x000000008b700000|  0%| F|  |TAMS 0x000000008b600000, 0x000000008b600000| Untracked 
| 115|0x000000008b700000, 0x000000008b700000, 0x000000008b800000|  0%| F|  |TAMS 0x000000008b700000, 0x000000008b700000| Untracked 
| 116|0x000000008b800000, 0x000000008b800000, 0x000000008b900000|  0%| F|  |TAMS 0x000000008b800000, 0x000000008b800000| Untracked 
| 117|0x000000008b900000, 0x000000008b900000, 0x000000008ba00000|  0%| F|  |TAMS 0x000000008b900000, 0x000000008b900000| Untracked 
| 118|0x000000008ba00000, 0x000000008ba00000, 0x000000008bb00000|  0%| F|  |TAMS 0x000000008ba00000, 0x000000008ba00000| Untracked 
| 119|0x000000008bb00000, 0x000000008bb00000, 0x000000008bc00000|  0%| F|  |TAMS 0x000000008bb00000, 0x000000008bb00000| Untracked 
| 120|0x000000008bc00000, 0x000000008bc00000, 0x000000008bd00000|  0%| F|  |TAMS 0x000000008bc00000, 0x000000008bc00000| Untracked 
| 121|0x000000008bd00000, 0x000000008bd00000, 0x000000008be00000|  0%| F|  |TAMS 0x000000008bd00000, 0x000000008bd00000| Untracked 
| 122|0x000000008be00000, 0x000000008be00000, 0x000000008bf00000|  0%| F|  |TAMS 0x000000008be00000, 0x000000008be00000| Untracked 
| 123|0x000000008bf00000, 0x000000008bf00000, 0x000000008c000000|  0%| F|  |TAMS 0x000000008bf00000, 0x000000008bf00000| Untracked 
| 124|0x000000008c000000, 0x000000008c000000, 0x000000008c100000|  0%| F|  |TAMS 0x000000008c000000, 0x000000008c000000| Untracked 
| 125|0x000000008c100000, 0x000000008c100000, 0x000000008c200000|  0%| F|  |TAMS 0x000000008c100000, 0x000000008c100000| Untracked 
| 126|0x000000008c200000, 0x000000008c200000, 0x000000008c300000|  0%| F|  |TAMS 0x000000008c200000, 0x000000008c200000| Untracked 
| 127|0x000000008c300000, 0x000000008c300000, 0x000000008c400000|  0%| F|  |TAMS 0x000000008c300000, 0x000000008c300000| Untracked 
| 128|0x000000008c400000, 0x000000008c400000, 0x000000008c500000|  0%| F|  |TAMS 0x000000008c400000, 0x000000008c400000| Untracked 
| 129|0x000000008c500000, 0x000000008c500000, 0x000000008c600000|  0%| F|  |TAMS 0x000000008c500000, 0x000000008c500000| Untracked 
| 130|0x000000008c600000, 0x000000008c600000, 0x000000008c700000|  0%| F|  |TAMS 0x000000008c600000, 0x000000008c600000| Untracked 
| 131|0x000000008c700000, 0x000000008c700000, 0x000000008c800000|  0%| F|  |TAMS 0x000000008c700000, 0x000000008c700000| Untracked 
| 132|0x000000008c800000, 0x000000008c800000, 0x000000008c900000|  0%| F|  |TAMS 0x000000008c800000, 0x000000008c800000| Untracked 
| 133|0x000000008c900000, 0x000000008c900000, 0x000000008ca00000|  0%| F|  |TAMS 0x000000008c900000, 0x000000008c900000| Untracked 
| 134|0x000000008ca00000, 0x000000008ca00000, 0x000000008cb00000|  0%| F|  |TAMS 0x000000008ca00000, 0x000000008ca00000| Untracked 
| 135|0x000000008cb00000, 0x000000008cb00000, 0x000000008cc00000|  0%| F|  |TAMS 0x000000008cb00000, 0x000000008cb00000| Untracked 
| 136|0x000000008cc00000, 0x000000008cc00000, 0x000000008cd00000|  0%| F|  |TAMS 0x000000008cc00000, 0x000000008cc00000| Untracked 
| 137|0x000000008cd00000, 0x000000008cd00000, 0x000000008ce00000|  0%| F|  |TAMS 0x000000008cd00000, 0x000000008cd00000| Untracked 
| 138|0x000000008ce00000, 0x000000008ce00000, 0x000000008cf00000|  0%| F|  |TAMS 0x000000008ce00000, 0x000000008ce00000| Untracked 
| 139|0x000000008cf00000, 0x000000008cf00000, 0x000000008d000000|  0%| F|  |TAMS 0x000000008cf00000, 0x000000008cf00000| Untracked 
| 140|0x000000008d000000, 0x000000008d000000, 0x000000008d100000|  0%| F|  |TAMS 0x000000008d000000, 0x000000008d000000| Untracked 
| 141|0x000000008d100000, 0x000000008d100000, 0x000000008d200000|  0%| F|  |TAMS 0x000000008d100000, 0x000000008d100000| Untracked 
| 142|0x000000008d200000, 0x000000008d200000, 0x000000008d300000|  0%| F|  |TAMS 0x000000008d200000, 0x000000008d200000| Untracked 
| 143|0x000000008d300000, 0x000000008d300000, 0x000000008d400000|  0%| F|  |TAMS 0x000000008d300000, 0x000000008d300000| Untracked 
| 144|0x000000008d400000, 0x000000008d400000, 0x000000008d500000|  0%| F|  |TAMS 0x000000008d400000, 0x000000008d400000| Untracked 
| 145|0x000000008d500000, 0x000000008d500000, 0x000000008d600000|  0%| F|  |TAMS 0x000000008d500000, 0x000000008d500000| Untracked 
| 146|0x000000008d600000, 0x000000008d600000, 0x000000008d700000|  0%| F|  |TAMS 0x000000008d600000, 0x000000008d600000| Untracked 
| 147|0x000000008d700000, 0x000000008d700000, 0x000000008d800000|  0%| F|  |TAMS 0x000000008d700000, 0x000000008d700000| Untracked 
| 148|0x000000008d800000, 0x000000008d800000, 0x000000008d900000|  0%| F|  |TAMS 0x000000008d800000, 0x000000008d800000| Untracked 
| 149|0x000000008d900000, 0x000000008d900000, 0x000000008da00000|  0%| F|  |TAMS 0x000000008d900000, 0x000000008d900000| Untracked 
| 150|0x000000008da00000, 0x000000008db00000, 0x000000008db00000|100%| E|  |TAMS 0x000000008da00000, 0x000000008da00000| Complete 
| 151|0x000000008db00000, 0x000000008dc00000, 0x000000008dc00000|100%| E|CS|TAMS 0x000000008db00000, 0x000000008db00000| Complete 
| 152|0x000000008dc00000, 0x000000008dd00000, 0x000000008dd00000|100%| E|CS|TAMS 0x000000008dc00000, 0x000000008dc00000| Complete 
| 153|0x000000008dd00000, 0x000000008de00000, 0x000000008de00000|100%| E|CS|TAMS 0x000000008dd00000, 0x000000008dd00000| Complete 
| 154|0x000000008de00000, 0x000000008df00000, 0x000000008df00000|100%| E|CS|TAMS 0x000000008de00000, 0x000000008de00000| Complete 
| 155|0x000000008df00000, 0x000000008e000000, 0x000000008e000000|100%| E|CS|TAMS 0x000000008df00000, 0x000000008df00000| Complete 
| 156|0x000000008e000000, 0x000000008e100000, 0x000000008e100000|100%| E|CS|TAMS 0x000000008e000000, 0x000000008e000000| Complete 
|1976|0x00000000ffc00000, 0x00000000ffd00000, 0x00000000ffd00000|100%| O|  |TAMS 0x00000000ffd00000, 0x00000000ffc00000| Untracked 
|1977|0x00000000ffd00000, 0x00000000ffe00000, 0x00000000ffe00000|100%| O|  |TAMS 0x00000000ffe00000, 0x00000000ffd00000| Untracked 
|1978|0x00000000ffe00000, 0x00000000fff00000, 0x00000000fff00000|100%| O|  |TAMS 0x00000000fff00000, 0x00000000ffe00000| Untracked 
|1979|0x00000000fff00000, 0x0000000100000000, 0x0000000100000000|100%| O|  |TAMS 0x0000000100000000, 0x00000000fff00000| Untracked 

Card table byte_map: [0x0000018562210000,0x00000185625f0000] _byte_map_base: 0x0000018561dee000

Marking Bits (Prev, Next): (CMBitMap*) 0x000001854a3a7de8, (CMBitMap*) 0x000001854a3a7e28
 Prev Bits: [0x00000185629d0000, 0x00000185648c0000)
 Next Bits: [0x00000185648c0000, 0x00000185667b0000)

Polling page: 0x0000018548260000

Metaspace:

Usage:
  Non-class:     31.07 MB capacity,    30.33 MB ( 98%) used,   656.74 KB (  2%) free+waste,    97.94 KB ( <1%) overhead. 
      Class:      4.15 MB capacity,     3.78 MB ( 91%) used,   341.69 KB (  8%) free+waste,    42.69 KB (  1%) overhead. 
       Both:     35.22 MB capacity,    34.11 MB ( 97%) used,   998.43 KB (  3%) free+waste,   140.63 KB ( <1%) overhead. 

Virtual space:
  Non-class space:       32.00 MB reserved,      31.17 MB ( 97%) committed 
      Class space:        1.00 GB reserved,       4.25 MB ( <1%) committed 
             Both:        1.03 GB reserved,      35.42 MB (  3%) committed 

Chunk freelists:
   Non-Class:  40.00 KB
       Class:  6.00 KB
        Both:  46.00 KB

MaxMetaspaceSize: 17179869184.00 GB
CompressedClassSpaceSize: 1.00 GB

CodeHeap 'non-profiled nmethods': size=120000Kb used=5632Kb max_used=6354Kb free=114367Kb
 bounds [0x000001855a5d0000, 0x000001855ac10000, 0x0000018561b00000]
CodeHeap 'profiled nmethods': size=120000Kb used=19634Kb max_used=21752Kb free=100365Kb
 bounds [0x00000185530a0000, 0x00000185545f0000, 0x000001855a5d0000]
CodeHeap 'non-nmethods': size=5760Kb used=1266Kb max_used=1393Kb free=4493Kb
 bounds [0x0000018552b00000, 0x0000018552d70000, 0x00000185530a0000]
 total_blobs=13598 nmethods=7707 adapters=441
 compilation: enabled
              stopped_count=0, restarted_count=0
 full_count=0

Compilation events (20 events):
Event: 14.407 Thread 0x00000185691fc800 9632       3       lombok.launch.ClassFileMetaData::readValue (27 bytes)
Event: 14.407 Thread 0x00000185691fc800 nmethod 9632 0x00000185531bce90 code [0x00000185531bd020, 0x00000185531bd198]
Event: 14.407 Thread 0x00000185691fc800 9633       3       lombok.launch.PackageShader::readValue (21 bytes)
Event: 14.407 Thread 0x00000185691fc800 nmethod 9633 0x0000018553855b90 code [0x0000018553855d20, 0x0000018553855e58]
Event: 14.413 Thread 0x00000185691fc800 9634       3       java.util.IdentityHashMap$KeySet::iterator (12 bytes)
Event: 14.414 Thread 0x00000185691fc800 nmethod 9634 0x00000185530f0910 code [0x00000185530f0ac0, 0x00000185530f0d48]
Event: 14.414 Thread 0x00000185691fc800 9635       3       java.util.IdentityHashMap$KeyIterator::<init> (11 bytes)
Event: 14.414 Thread 0x00000185691fc800 nmethod 9635 0x0000018553b31a10 code [0x0000018553b31bc0, 0x0000018553b31d68]
Event: 14.428 Thread 0x00000185691fc800 9636       3       jdk.internal.loader.BuiltinClassLoader::findResource (48 bytes)
Event: 14.429 Thread 0x00000185691fc800 nmethod 9636 0x00000185533fb590 code [0x00000185533fb780, 0x00000185533fbcf8]
Event: 14.429 Thread 0x00000185691fc800 9637   !   3       jdk.internal.loader.BuiltinClassLoader::findResource (72 bytes)
Event: 14.429 Thread 0x00000185691fc800 nmethod 9637 0x0000018553edc110 code [0x0000018553edc3c0, 0x0000018553edd408]
Event: 14.436 Thread 0x00000185691fc800 9638       3       java.util.Collections$SetFromMap::iterator (10 bytes)
Event: 14.436 Thread 0x00000185691fc800 nmethod 9638 0x00000185530d7190 code [0x00000185530d7340, 0x00000185530d7528]
Event: 14.437 Thread 0x00000185691fc800 9639   !   3       java.net.URI::create (23 bytes)
Event: 14.438 Thread 0x00000185691fc800 nmethod 9639 0x000001855312e790 code [0x000001855312e980, 0x000001855312efe8]
Event: 14.460 Thread 0x00000185691fc800 9640       3       java.lang.Module::implIsExportedOrOpen (92 bytes)
Event: 14.461 Thread 0x00000185691fc800 nmethod 9640 0x0000018553303310 code [0x0000018553303520, 0x0000018553303bd8]
Event: 14.470 Thread 0x00000185691fc800 9642       3       java.lang.reflect.Field::get (29 bytes)
Event: 14.471 Thread 0x00000185691fc800 nmethod 9642 0x000001855370f890 code [0x000001855370fa80, 0x0000018553710038]

GC Heap History (20 events):
Event: 9.304 GC heap before
{Heap before GC invocations=16 (full 0):
 garbage-first heap   total 89088K, used 67892K [0x0000000084400000, 0x0000000100000000)
  region size 1024K, 20 young (20480K), 3 survivors (3072K)
 Metaspace       used 30031K, capacity 30960K, committed 31152K, reserved 1077248K
  class space    used 3386K, capacity 3722K, committed 3840K, reserved 1048576K
}
Event: 9.321 GC heap after
{Heap after GC invocations=17 (full 0):
 garbage-first heap   total 89088K, used 50752K [0x0000000084400000, 0x0000000100000000)
  region size 1024K, 2 young (2048K), 2 survivors (2048K)
 Metaspace       used 30031K, capacity 30960K, committed 31152K, reserved 1077248K
  class space    used 3386K, capacity 3722K, committed 3840K, reserved 1048576K
}
Event: 9.605 GC heap before
{Heap before GC invocations=17 (full 0):
 garbage-first heap   total 89088K, used 69184K [0x0000000084400000, 0x0000000100000000)
  region size 1024K, 21 young (21504K), 2 survivors (2048K)
 Metaspace       used 30855K, capacity 31760K, committed 31920K, reserved 1077248K
  class space    used 3489K, capacity 3818K, committed 3840K, reserved 1048576K
}
Event: 9.611 GC heap after
{Heap after GC invocations=18 (full 0):
 garbage-first heap   total 110592K, used 51075K [0x0000000084400000, 0x0000000100000000)
  region size 1024K, 2 young (2048K), 2 survivors (2048K)
 Metaspace       used 30855K, capacity 31760K, committed 31920K, reserved 1077248K
  class space    used 3489K, capacity 3818K, committed 3840K, reserved 1048576K
}
Event: 10.051 GC heap before
{Heap before GC invocations=19 (full 0):
 garbage-first heap   total 110592K, used 86915K [0x0000000084400000, 0x0000000100000000)
  region size 1024K, 37 young (37888K), 2 survivors (2048K)
 Metaspace       used 31765K, capacity 32702K, committed 32816K, reserved 1079296K
  class space    used 3588K, capacity 3894K, committed 3968K, reserved 1048576K
}
Event: 10.059 GC heap after
{Heap after GC invocations=20 (full 0):
 garbage-first heap   total 110592K, used 51525K [0x0000000084400000, 0x0000000100000000)
  region size 1024K, 2 young (2048K), 2 survivors (2048K)
 Metaspace       used 31765K, capacity 32702K, committed 32816K, reserved 1079296K
  class space    used 3588K, capacity 3894K, committed 3968K, reserved 1048576K
}
Event: 10.308 GC heap before
{Heap before GC invocations=20 (full 0):
 garbage-first heap   total 110592K, used 89413K [0x0000000084400000, 0x0000000100000000)
  region size 1024K, 39 young (39936K), 2 survivors (2048K)
 Metaspace       used 32015K, capacity 33025K, committed 33072K, reserved 1079296K
  class space    used 3613K, capacity 3950K, committed 3968K, reserved 1048576K
}
Event: 10.321 GC heap after
{Heap after GC invocations=21 (full 0):
 garbage-first heap   total 110592K, used 52236K [0x0000000084400000, 0x0000000100000000)
  region size 1024K, 3 young (3072K), 3 survivors (3072K)
 Metaspace       used 32015K, capacity 33025K, committed 33072K, reserved 1079296K
  class space    used 3613K, capacity 3950K, committed 3968K, reserved 1048576K
}
Event: 10.580 GC heap before
{Heap before GC invocations=22 (full 0):
 garbage-first heap   total 110592K, used 90124K [0x0000000084400000, 0x0000000100000000)
  region size 1024K, 40 young (40960K), 3 survivors (3072K)
 Metaspace       used 32133K, capacity 33100K, committed 33328K, reserved 1079296K
  class space    used 3615K, capacity 3952K, committed 3968K, reserved 1048576K
}
Event: 10.588 GC heap after
{Heap after GC invocations=23 (full 0):
 garbage-first heap   total 110592K, used 53014K [0x0000000084400000, 0x0000000100000000)
  region size 1024K, 4 young (4096K), 4 survivors (4096K)
 Metaspace       used 32133K, capacity 33100K, committed 33328K, reserved 1079296K
  class space    used 3615K, capacity 3952K, committed 3968K, reserved 1048576K
}
Event: 10.784 GC heap before
{Heap before GC invocations=23 (full 0):
 garbage-first heap   total 110592K, used 90902K [0x0000000084400000, 0x0000000100000000)
  region size 1024K, 41 young (41984K), 4 survivors (4096K)
 Metaspace       used 32214K, capacity 33202K, committed 33456K, reserved 1079296K
  class space    used 3616K, capacity 3984K, committed 4096K, reserved 1048576K
}
Event: 10.794 GC heap after
{Heap after GC invocations=24 (full 0):
 garbage-first heap   total 133120K, used 53071K [0x0000000084400000, 0x0000000100000000)
  region size 1024K, 3 young (3072K), 3 survivors (3072K)
 Metaspace       used 32214K, capacity 33202K, committed 33456K, reserved 1079296K
  class space    used 3616K, capacity 3984K, committed 4096K, reserved 1048576K
}
Event: 12.135 GC heap before
{Heap before GC invocations=25 (full 0):
 garbage-first heap   total 133120K, used 111439K [0x0000000084400000, 0x0000000100000000)
  region size 1024K, 60 young (61440K), 3 survivors (3072K)
 Metaspace       used 33941K, capacity 34968K, committed 35120K, reserved 1081344K
  class space    used 3790K, capacity 4142K, committed 4224K, reserved 1048576K
}
Event: 12.148 GC heap after
{Heap after GC invocations=26 (full 0):
 garbage-first heap   total 133120K, used 54842K [0x0000000084400000, 0x0000000100000000)
  region size 1024K, 5 young (5120K), 5 survivors (5120K)
 Metaspace       used 33941K, capacity 34968K, committed 35120K, reserved 1081344K
  class space    used 3790K, capacity 4142K, committed 4224K, reserved 1048576K
}
Event: 13.808 GC heap before
{Heap before GC invocations=26 (full 0):
 garbage-first heap   total 133120K, used 110138K [0x0000000084400000, 0x0000000100000000)
  region size 1024K, 59 young (60416K), 5 survivors (5120K)
 Metaspace       used 34705K, capacity 35734K, committed 35888K, reserved 1081344K
  class space    used 3844K, capacity 4203K, committed 4224K, reserved 1048576K
}
Event: 13.828 GC heap after
{Heap after GC invocations=27 (full 0):
 garbage-first heap   total 133120K, used 56813K [0x0000000084400000, 0x0000000100000000)
  region size 1024K, 6 young (6144K), 6 survivors (6144K)
 Metaspace       used 34705K, capacity 35734K, committed 35888K, reserved 1081344K
  class space    used 3844K, capacity 4203K, committed 4224K, reserved 1048576K
}
Event: 14.164 GC heap before
{Heap before GC invocations=27 (full 0):
 garbage-first heap   total 133120K, used 113133K [0x0000000084400000, 0x0000000100000000)
  region size 1024K, 60 young (61440K), 6 survivors (6144K)
 Metaspace       used 34737K, capacity 35808K, committed 35888K, reserved 1081344K
  class space    used 3845K, capacity 4205K, committed 4224K, reserved 1048576K
}
Event: 14.178 GC heap after
{Heap after GC invocations=28 (full 0):
 garbage-first heap   total 133120K, used 67017K [0x0000000084400000, 0x0000000100000000)
  region size 1024K, 8 young (8192K), 8 survivors (8192K)
 Metaspace       used 34737K, capacity 35808K, committed 35888K, reserved 1081344K
  class space    used 3845K, capacity 4205K, committed 4224K, reserved 1048576K
}
Event: 14.344 GC heap before
{Heap before GC invocations=28 (full 0):
 garbage-first heap   total 133120K, used 104905K [0x0000000084400000, 0x0000000100000000)
  region size 1024K, 46 young (47104K), 8 survivors (8192K)
 Metaspace       used 34737K, capacity 35808K, committed 35888K, reserved 1081344K
  class space    used 3845K, capacity 4205K, committed 4224K, reserved 1048576K
}
Event: 14.356 GC heap after
{Heap after GC invocations=29 (full 0):
 garbage-first heap   total 164864K, used 71929K [0x0000000084400000, 0x0000000100000000)
  region size 1024K, 5 young (5120K), 5 survivors (5120K)
 Metaspace       used 34737K, capacity 35808K, committed 35888K, reserved 1081344K
  class space    used 3845K, capacity 4205K, committed 4224K, reserved 1048576K
}

Deoptimization events (20 events):
Event: 14.387 Thread 0x000001854a365800 Uncommon trap: trap_request=0xffffffc6 fr.pc=0x000001855a997948 relative=0x0000000000001448
Event: 14.387 Thread 0x000001854a365800 Uncommon trap: reason=bimorphic_or_optimized_type_check action=maybe_recompile pc=0x000001855a997948 method=com.sun.tools.javac.code.ClassFinder$1.hasNext()Z @ 33 c2
Event: 14.387 Thread 0x000001854a365800 DEOPT PACKING pc=0x000001855a997948 sp=0x00000001bb4fcaf0
Event: 14.387 Thread 0x000001854a365800 DEOPT UNPACKING pc=0x0000018552b0852f sp=0x00000001bb4fcad0 mode 2
Event: 14.387 Thread 0x000001854a365800 Uncommon trap: trap_request=0xffffffc6 fr.pc=0x000001855a997948 relative=0x0000000000001448
Event: 14.387 Thread 0x000001854a365800 Uncommon trap: reason=bimorphic_or_optimized_type_check action=maybe_recompile pc=0x000001855a997948 method=com.sun.tools.javac.code.ClassFinder$1.hasNext()Z @ 33 c2
Event: 14.387 Thread 0x000001854a365800 DEOPT PACKING pc=0x000001855a997948 sp=0x00000001bb4fcaf0
Event: 14.387 Thread 0x000001854a365800 DEOPT UNPACKING pc=0x0000018552b0852f sp=0x00000001bb4fcad0 mode 2
Event: 14.387 Thread 0x000001854a365800 Uncommon trap: trap_request=0xffffffc6 fr.pc=0x000001855a997948 relative=0x0000000000001448
Event: 14.387 Thread 0x000001854a365800 Uncommon trap: reason=bimorphic_or_optimized_type_check action=maybe_recompile pc=0x000001855a997948 method=com.sun.tools.javac.code.ClassFinder$1.hasNext()Z @ 33 c2
Event: 14.387 Thread 0x000001854a365800 DEOPT PACKING pc=0x000001855a997948 sp=0x00000001bb4fcaf0
Event: 14.387 Thread 0x000001854a365800 DEOPT UNPACKING pc=0x0000018552b0852f sp=0x00000001bb4fcad0 mode 2
Event: 14.387 Thread 0x000001854a365800 Uncommon trap: trap_request=0xffffffc6 fr.pc=0x000001855a9ab528 relative=0x0000000000001a88
Event: 14.387 Thread 0x000001854a365800 Uncommon trap: reason=bimorphic_or_optimized_type_check action=maybe_recompile pc=0x000001855a9ab528 method=com.sun.tools.javac.file.Locations.getLocation(Ljavax/tools/JavaFileManager$Location;)Ljava/util/Collection; @ 15 c2
Event: 14.387 Thread 0x000001854a365800 DEOPT PACKING pc=0x000001855a9ab528 sp=0x00000001bb4fcaf0
Event: 14.387 Thread 0x000001854a365800 DEOPT UNPACKING pc=0x0000018552b0852f sp=0x00000001bb4fc9e8 mode 2
Event: 14.387 Thread 0x000001854a365800 Uncommon trap: trap_request=0xffffffc6 fr.pc=0x000001855a9ab528 relative=0x0000000000001a88
Event: 14.387 Thread 0x000001854a365800 Uncommon trap: reason=bimorphic_or_optimized_type_check action=maybe_recompile pc=0x000001855a9ab528 method=com.sun.tools.javac.file.Locations.getLocation(Ljavax/tools/JavaFileManager$Location;)Ljava/util/Collection; @ 15 c2
Event: 14.387 Thread 0x000001854a365800 DEOPT PACKING pc=0x000001855a9ab528 sp=0x00000001bb4fc9c0
Event: 14.387 Thread 0x000001854a365800 DEOPT UNPACKING pc=0x0000018552b0852f sp=0x00000001bb4fc8b8 mode 2

Classes unloaded (0 events):
No events

Classes redefined (0 events):
No events

Internal exceptions (20 events):
Event: 14.389 Thread 0x000001854a365800 Exception <a 'sun/nio/fs/WindowsException'{0x000000008de33628}> (0x000000008de33628) 
thrown [t:/workspace/open/src/hotspot/share/prims/jni.cpp, line 599]
Event: 14.389 Thread 0x000001854a365800 Exception <a 'sun/nio/fs/WindowsException'{0x000000008de33898}> (0x000000008de33898) 
thrown [t:/workspace/open/src/hotspot/share/prims/jni.cpp, line 599]
Event: 14.389 Thread 0x000001854a365800 Exception <a 'sun/nio/fs/WindowsException'{0x000000008de34900}> (0x000000008de34900) 
thrown [t:/workspace/open/src/hotspot/share/prims/jni.cpp, line 599]
Event: 14.389 Thread 0x000001854a365800 Exception <a 'sun/nio/fs/WindowsException'{0x000000008de34bc0}> (0x000000008de34bc0) 
thrown [t:/workspace/open/src/hotspot/share/prims/jni.cpp, line 599]
Event: 14.390 Thread 0x000001854a365800 Exception <a 'sun/nio/fs/WindowsException'{0x000000008de40958}> (0x000000008de40958) 
thrown [t:/workspace/open/src/hotspot/share/prims/jni.cpp, line 599]
Event: 14.390 Thread 0x000001854a365800 Exception <a 'sun/nio/fs/WindowsException'{0x000000008de40c80}> (0x000000008de40c80) 
thrown [t:/workspace/open/src/hotspot/share/prims/jni.cpp, line 599]
Event: 14.390 Thread 0x000001854a365800 Exception <a 'sun/nio/fs/WindowsException'{0x000000008de41e08}> (0x000000008de41e08) 
thrown [t:/workspace/open/src/hotspot/share/prims/jni.cpp, line 599]
Event: 14.391 Thread 0x000001854a365800 Exception <a 'sun/nio/fs/WindowsException'{0x000000008de42108}> (0x000000008de42108) 
thrown [t:/workspace/open/src/hotspot/share/prims/jni.cpp, line 599]
Event: 14.391 Thread 0x000001854a365800 Exception <a 'sun/nio/fs/WindowsException'{0x000000008de432a0}> (0x000000008de432a0) 
thrown [t:/workspace/open/src/hotspot/share/prims/jni.cpp, line 599]
Event: 14.391 Thread 0x000001854a365800 Exception <a 'sun/nio/fs/WindowsException'{0x000000008de43560}> (0x000000008de43560) 
thrown [t:/workspace/open/src/hotspot/share/prims/jni.cpp, line 599]
Event: 14.391 Thread 0x000001854a365800 Exception <a 'sun/nio/fs/WindowsException'{0x000000008de448f0}> (0x000000008de448f0) 
thrown [t:/workspace/open/src/hotspot/share/prims/jni.cpp, line 599]
Event: 14.391 Thread 0x000001854a365800 Exception <a 'sun/nio/fs/WindowsException'{0x000000008de44bf0}> (0x000000008de44bf0) 
thrown [t:/workspace/open/src/hotspot/share/prims/jni.cpp, line 599]
Event: 14.392 Thread 0x000001854a365800 Exception <a 'sun/nio/fs/WindowsException'{0x000000008de4d0c8}> (0x000000008de4d0c8) 
thrown [t:/workspace/open/src/hotspot/share/prims/jni.cpp, line 599]
Event: 14.392 Thread 0x000001854a365800 Exception <a 'sun/nio/fs/WindowsException'{0x000000008de4d3c0}> (0x000000008de4d3c0) 
thrown [t:/workspace/open/src/hotspot/share/prims/jni.cpp, line 599]
Event: 14.392 Thread 0x000001854a365800 Exception <a 'sun/nio/fs/WindowsException'{0x000000008de4e518}> (0x000000008de4e518) 
thrown [t:/workspace/open/src/hotspot/share/prims/jni.cpp, line 599]
Event: 14.392 Thread 0x000001854a365800 Exception <a 'sun/nio/fs/WindowsException'{0x000000008de4e7e8}> (0x000000008de4e7e8) 
thrown [t:/workspace/open/src/hotspot/share/prims/jni.cpp, line 599]
Event: 14.392 Thread 0x000001854a365800 Exception <a 'sun/nio/fs/WindowsException'{0x000000008de4f908}> (0x000000008de4f908) 
thrown [t:/workspace/open/src/hotspot/share/prims/jni.cpp, line 599]
Event: 14.392 Thread 0x000001854a365800 Exception <a 'sun/nio/fs/WindowsException'{0x000000008de4fb98}> (0x000000008de4fb98) 
thrown [t:/workspace/open/src/hotspot/share/prims/jni.cpp, line 599]
Event: 14.392 Thread 0x000001854a365800 Exception <a 'sun/nio/fs/WindowsException'{0x000000008de50eb0}> (0x000000008de50eb0) 
thrown [t:/workspace/open/src/hotspot/share/prims/jni.cpp, line 599]
Event: 14.392 Thread 0x000001854a365800 Exception <a 'sun/nio/fs/WindowsException'{0x000000008de51180}> (0x000000008de51180) 
thrown [t:/workspace/open/src/hotspot/share/prims/jni.cpp, line 599]

Events (20 events):
Event: 14.075 Thread 0x0000018569200000 flushing nmethod 0x000001855433ab10
Event: 14.075 Thread 0x0000018569200000 flushing nmethod 0x000001855434b510
Event: 14.075 Thread 0x0000018569200000 flushing nmethod 0x0000018554463510
Event: 14.075 Thread 0x0000018569200000 flushing nmethod 0x000001855446b010
Event: 14.075 Thread 0x0000018569200000 flushing nmethod 0x000001855449e890
Event: 14.076 Thread 0x0000018569200000 flushing nmethod 0x0000018554516a90
Event: 14.076 Thread 0x0000018569200000 flushing nmethod 0x0000018554516e90
Event: 14.076 Thread 0x0000018569200000 flushing nmethod 0x0000018554522f90
Event: 14.076 Thread 0x0000018569200000 flushing nmethod 0x000001855452f610
Event: 14.076 Thread 0x0000018569200000 flushing nmethod 0x0000018554540f10
Event: 14.076 Thread 0x0000018569200000 flushing nmethod 0x0000018554553890
Event: 14.076 Thread 0x0000018569200000 flushing nmethod 0x0000018554553d90
Event: 14.076 Thread 0x0000018569200000 flushing nmethod 0x0000018554556b10
Event: 14.076 Thread 0x0000018569200000 flushing nmethod 0x0000018554557010
Event: 14.076 Thread 0x0000018569200000 flushing nmethod 0x000001855455e810
Event: 14.164 Executing VM operation: G1CollectForAllocation
Event: 14.179 Executing VM operation: G1CollectForAllocation done
Event: 14.187 Thread 0x000001856f52f000 Thread exited: 0x000001856f52f000
Event: 14.344 Executing VM operation: G1CollectForAllocation
Event: 14.356 Executing VM operation: G1CollectForAllocation done


Dynamic libraries:
0x00007ff7b5460000 - 0x00007ff7b546d000 	D:\Java\jdk-14\bin\java.exe
0x00007ffca9890000 - 0x00007ffca9a88000 	C:\Windows\SYSTEM32\ntdll.dll
0x00007ffca8dc0000 - 0x00007ffca8e7d000 	C:\Windows\System32\KERNEL32.DLL
0x00007ffca7360000 - 0x00007ffca7656000 	C:\Windows\System32\KERNELBASE.dll
0x00007ffca7660000 - 0x00007ffca7760000 	C:\Windows\System32\ucrtbase.dll
0x00007ffca2780000 - 0x00007ffca2795000 	D:\Java\jdk-14\bin\VCRUNTIME140.dll
0x00007ffc9a010000 - 0x00007ffc9a028000 	D:\Java\jdk-14\bin\jli.dll
0x00007ffca8460000 - 0x00007ffca85ff000 	C:\Windows\System32\USER32.dll
0x00007ffca7330000 - 0x00007ffca7352000 	C:\Windows\System32\win32u.dll
0x00007ffca8a10000 - 0x00007ffca8a3b000 	C:\Windows\System32\GDI32.dll
0x00007ffca77b0000 - 0x00007ffca78c7000 	C:\Windows\System32\gdi32full.dll
0x00007ffca6f50000 - 0x00007ffca6fed000 	C:\Windows\System32\msvcp_win.dll
0x00007ffc966d0000 - 0x00007ffc9696a000 	C:\Windows\WinSxS\amd64_microsoft.windows.common-controls_6595b64144ccf1df_6.0.19041.4355_none_60b8b9eb71f62e16\COMCTL32.dll
0x00007ffca8230000 - 0x00007ffca82ce000 	C:\Windows\System32\msvcrt.dll
0x00007ffca89e0000 - 0x00007ffca8a0f000 	C:\Windows\System32\IMM32.DLL
0x00007ffc77e30000 - 0x00007ffc77ecb000 	D:\Java\jdk-14\bin\msvcp140.dll
0x00007ffc58560000 - 0x00007ffc5907f000 	D:\Java\jdk-14\bin\server\jvm.dll
0x00007ffca9310000 - 0x00007ffca93c0000 	C:\Windows\System32\ADVAPI32.dll
0x00007ffca7a20000 - 0x00007ffca7ac0000 	C:\Windows\System32\sechost.dll
0x00007ffca82d0000 - 0x00007ffca83f3000 	C:\Windows\System32\RPCRT4.dll
0x00007ffca6ff0000 - 0x00007ffca7017000 	C:\Windows\System32\bcrypt.dll
0x00007ffca8870000 - 0x00007ffca8878000 	C:\Windows\System32\PSAPI.DLL
0x00007ffca41b0000 - 0x00007ffca41b9000 	C:\Windows\SYSTEM32\WSOCK32.dll
0x00007ffc9eb30000 - 0x00007ffc9eb3a000 	C:\Windows\SYSTEM32\VERSION.dll
0x00007ffca86e0000 - 0x00007ffca874b000 	C:\Windows\System32\WS2_32.dll
0x00007ffc9a270000 - 0x00007ffc9a297000 	C:\Windows\SYSTEM32\WINMM.dll
0x00007ffca4d70000 - 0x00007ffca4d82000 	C:\Windows\SYSTEM32\kernel.appcore.dll
0x00007ffca2a20000 - 0x00007ffca2a2a000 	D:\Java\jdk-14\bin\jimage.dll
0x00007ffca4540000 - 0x00007ffca4724000 	C:\Windows\SYSTEM32\DBGHELP.DLL
0x00007ffc973a0000 - 0x00007ffc973d4000 	C:\Windows\SYSTEM32\dbgcore.DLL
0x00007ffca71f0000 - 0x00007ffca7272000 	C:\Windows\System32\bcryptPrimitives.dll
0x00007ffca04b0000 - 0x00007ffca04d5000 	D:\Java\jdk-14\bin\java.dll
0x00007ffc9fce0000 - 0x00007ffc9fcf7000 	D:\Java\jdk-14\bin\zip.dll
0x00007ffca7ac0000 - 0x00007ffca822c000 	C:\Windows\System32\SHELL32.dll
0x00007ffca4fa0000 - 0x00007ffca573d000 	C:\Windows\SYSTEM32\windows.storage.dll
0x00007ffca94f0000 - 0x00007ffca9843000 	C:\Windows\System32\combase.dll
0x00007ffca6970000 - 0x00007ffca699e000 	C:\Windows\SYSTEM32\Wldp.dll
0x00007ffca8cf0000 - 0x00007ffca8dbd000 	C:\Windows\System32\OLEAUT32.dll
0x00007ffca8880000 - 0x00007ffca892d000 	C:\Windows\System32\SHCORE.dll
0x00007ffca8400000 - 0x00007ffca8455000 	C:\Windows\System32\shlwapi.dll
0x00007ffca6e80000 - 0x00007ffca6ea4000 	C:\Windows\SYSTEM32\profapi.dll
0x00007ffc9ebf0000 - 0x00007ffc9ec09000 	D:\Java\jdk-14\bin\net.dll
0x00007ffca2f00000 - 0x00007ffca300a000 	C:\Windows\SYSTEM32\WINHTTP.dll
0x00007ffca66d0000 - 0x00007ffca673a000 	C:\Windows\system32\mswsock.dll
0x00007ffc9ca00000 - 0x00007ffc9ca12000 	D:\Java\jdk-14\bin\nio.dll
0x0000000069ac0000 - 0x0000000069ae4000 	D:\NetBeans-20\netbeans\java\maven\lib\jansi-native\Windows\x86_64\jansi.dll
0x00007ffca2770000 - 0x00007ffca2780000 	D:\Java\jdk-14\bin\verify.dll
0x00007ffca60c0000 - 0x00007ffca60f3000 	C:\Windows\SYSTEM32\ntmarta.dll

dbghelp: loaded successfully - version: 4.0.5 - missing functions: none
symbol engine: initialized successfully - sym options: 0x614 - pdb path: .;D:\Java\jdk-14\bin;C:\Windows\SYSTEM32;C:\Windows\WinSxS\amd64_microsoft.windows.common-controls_6595b64144ccf1df_6.0.19041.4355_none_60b8b9eb71f62e16;D:\Java\jdk-14\bin\server;D:\NetBeans-20\netbeans\java\maven\lib\jansi-native\Windows\x86_64

VM Arguments:
jvm_args: -Dclassworlds.conf=D:\NetBeans-20\netbeans\java\maven\bin\m2.conf -Dmaven.home=D:\NetBeans-20\netbeans\java\maven -Dlibrary.jansi.path=D:\NetBeans-20\netbeans\java\maven\lib\jansi-native -Dmaven.multiModuleProjectDirectory=D:\spring\QLCC\QuanLyChungCu\QuanLyChungCu 
java_command: org.codehaus.plexus.classworlds.launcher.Launcher -Dnetbeans.deploy=true -Dexec.vmArgs= -Dexec.appArgs= -Dmaven.ext.class.path=D:\NetBeans-20\netbeans\java\maven-nblib\netbeans-eventspy.jar -Dfile.encoding=UTF-8 --no-transfer-progress package
java_class_path (initial): D:\NetBeans-20\netbeans\java\maven\boot\plexus-classworlds-2.7.0.jar
Launcher Type: SUN_STANDARD

[Global flags]
     intx CICompilerCount                          = 4                                         {product} {ergonomic}
     uint ConcGCThreads                            = 2                                         {product} {ergonomic}
     uint G1ConcRefinementThreads                  = 8                                         {product} {ergonomic}
   size_t G1HeapRegionSize                         = 1048576                                   {product} {ergonomic}
    uintx GCDrainStackTargetSize                   = 64                                        {product} {ergonomic}
   size_t InitialHeapSize                          = 130023424                                 {product} {ergonomic}
   size_t MarkStackSize                            = 4194304                                   {product} {ergonomic}
   size_t MaxHeapSize                              = 2076180480                                {product} {ergonomic}
   size_t MaxNewSize                               = 1245708288                                {product} {ergonomic}
   size_t MinHeapDeltaBytes                        = 1048576                                   {product} {ergonomic}
   size_t MinHeapSize                              = 8388608                                   {product} {ergonomic}
    uintx NonNMethodCodeHeapSize                   = 5839372                                {pd product} {ergonomic}
    uintx NonProfiledCodeHeapSize                  = 122909434                              {pd product} {ergonomic}
    uintx ProfiledCodeHeapSize                     = 122909434                              {pd product} {ergonomic}
    uintx ReservedCodeCacheSize                    = 251658240                              {pd product} {ergonomic}
     bool SegmentedCodeCache                       = true                                      {product} {ergonomic}
   size_t SoftMaxHeapSize                          = 2076180480                             {manageable} {ergonomic}
     bool UseCompressedClassPointers               = true                                 {lp64_product} {ergonomic}
     bool UseCompressedOops                        = true                                 {lp64_product} {ergonomic}
     bool UseG1GC                                  = true                                      {product} {ergonomic}
     bool UseLargePagesIndividualAllocation        = false                                  {pd product} {ergonomic}

Logging:
Log output configuration:
 #0: stdout all=warning uptime,level,tags
 #1: stderr all=off uptime,level,tags

Environment Variables:
JAVA_HOME=D:\Java\jdk-14
PATH=C:\Program Files\Common Files\Oracle\Java\javapath;C:\Windows\system32;C:\Windows;C:\Windows\System32\Wbem;C:\Windows\System32\WindowsPowerShell\v1.0\;C:\Windows\System32\OpenSSH\;C:\Program Files\dotnet\;C:\Program Files\Git\cmd;C:\Program Files\Microsoft SQL Server\Client SDK\ODBC\170\Tools\Binn\;C:\Program Files\nodejs\;C:\Users\DELL\AppData\Local\Microsoft\WindowsApps;;C:\Users\DELL\AppData\Local\Programs\Microsoft VS Code\bin;C:\Program Files\JetBrains\PyCharm 2023.2.3\bin;;C:\Users\DELL\.dotnet\tools;C:\Users\DELL\AppData\Roaming\npm
USERNAME=DELL
OS=Windows_NT
PROCESSOR_IDENTIFIER=Intel64 Family 6 Model 140 Stepping 1, GenuineIntel



---------------  S Y S T E M  ---------------

OS: Windows 10 , 64 bit Build 19041 (10.0.19041.3636)
OS uptime: 0 days 8:53 hours
HyperV virtualization detected

CPU:total 8 (initial active 8) (4 cores per cpu, 2 threads per core) family 6 model 140 stepping 1, cmov, cx8, fxsr, mmx, sse, sse2, sse3, ssse3, sse4.1, sse4.2, popcnt, avx, avx2, aes, clmul, erms, 3dnowpref, lzcnt, ht, tsc, tscinvbit, bmi1, bmi2, adx, evex, sha, fma

Memory: 4k page, system-wide physical 7914M (749M free)
TotalPageFile size 20617M (AvailPageFile size 7M)
current process WorkingSet (physical memory assigned to process): 353M, peak: 354M
current process commit charge ("private bytes"): 415M, peak: 415M

vm_info: OpenJDK 64-Bit Server VM (14+36-1461) for windows-amd64 JRE (14+36-1461), built on Feb  6 2020 19:03:18 by "mach5one" with MS VC++ 15.9 (VS2017)

END.
