#
# There is insufficient memory for the Java Runtime Environment to continue.
# Native memory allocation (mmap) failed to map 130023424 bytes for Failed to commit area from 0x0000000084400000 to 0x000000008c000000 of length 130023424.
# Possible reasons:
#   The system is out of physical RAM or swap space
#   The process is running with CompressedOops enabled, and the Java Heap may be blocking the growth of the native heap
# Possible solutions:
#   Reduce memory load on the system
#   Increase physical memory or swap space
#   Check if swap backing store is full
#   Decrease Java heap size (-Xmx/-Xms)
#   Decrease number of Java threads
#   Decrease Java thread stack sizes (-Xss)
#   Set larger code cache with -XX:ReservedCodeCacheSize=
#   JVM is running with Unscaled Compressed Oops mode in which the Java heap is
#     placed in the first 4GB address space. The Java Heap base address is the
#     maximum limit for the native heap growth. Please use -XX:HeapBaseMinAddress
#     to set the Java Heap base and to place the Java Heap above 4GB virtual address.
# This output file may be truncated or incomplete.
#
#  Out of Memory Error (t:/workspace/open/src/hotspot/os/windows/os_windows.cpp:3315), pid=13900, tid=7688
#
# JRE version:  (14.0+36) (build )
# Java VM: OpenJDK 64-Bit Server VM (14+36-1461, mixed mode, sharing, tiered, compressed oops, g1 gc, windows-amd64)
# No core dump will be written. Minidumps are not enabled by default on client versions of Windows
#

---------------  S U M M A R Y ------------

Command Line: C:\Users\DELL\AppData\Local\Temp\surefire9382098749919778170\surefirebooter-20240615184057059_3.jar C:\Users\DELL\AppData\Local\Temp\surefire9382098749919778170 2024-06-15T18-40-56_918-jvmRun1 surefire-20240615184057059_1tmp surefire_0-20240615184057059_2tmp

Host: 11th Gen Intel(R) Core(TM) i5-1135G7 @ 2.40GHz, 8 cores, 7G,  Windows 10 , 64 bit Build 19041 (10.0.19041.3636)
Time: Sat Jun 15 18:40:57 2024 SE Asia Standard Time elapsed time: 0 seconds (0d 0h 0m 0s)

---------------  T H R E A D  ---------------

Current thread (0x0000020214851800):  JavaThread "Unknown thread" [_thread_in_vm, id=7688, stack(0x0000001390300000,0x0000001390400000)]

Stack: [0x0000001390300000,0x0000001390400000]
Native frames: (J=compiled Java code, j=interpreted, Vv=VM code, C=native code)
V  [jvm.dll+0x5f83ea]
V  [jvm.dll+0x741e2a]
V  [jvm.dll+0x7435df]
V  [jvm.dll+0x743c23]
V  [jvm.dll+0x20d268]
V  [jvm.dll+0x5f579a]
V  [jvm.dll+0x5ea5f5]
V  [jvm.dll+0x2c7e7c]
V  [jvm.dll+0x2c7cb2]
V  [jvm.dll+0x2cdb9c]
V  [jvm.dll+0x313fd8]
V  [jvm.dll+0x313700]
V  [jvm.dll+0x2a090a]
V  [jvm.dll+0x2a1a59]
V  [jvm.dll+0x71f6f8]
V  [jvm.dll+0x321c24]
V  [jvm.dll+0x700aec]
V  [jvm.dll+0x392ddf]
V  [jvm.dll+0x394e51]
C  [jli.dll+0x523b]
C  [ucrtbase.dll+0x21bb2]
C  [KERNEL32.DLL+0x17344]
C  [ntdll.dll+0x4cc91]


---------------  P R O C E S S  ---------------

Threads class SMR info:
_java_thread_list=0x00007ffc58fe4078, length=0, elements={
}

Java Threads: ( => current thread )

Other Threads:
  0x0000020214893000 GCTaskThread "GC Thread#0" [stack: 0x0000001390400000,0x0000001390500000] [id=16000]
  0x00000202148a4000 ConcurrentGCThread "G1 Main Marker" [stack: 0x0000001390500000,0x0000001390600000] [id=12036]
  0x00000202148a5800 ConcurrentGCThread "G1 Conc#0" [stack: 0x0000001390600000,0x0000001390700000] [id=6568]

[error occurred during error reporting (printing all threads), id 0xc0000005, EXCEPTION_ACCESS_VIOLATION (0xc0000005) at pc=0x00007ffc58811237]

VM state:not at safepoint (not fully initialized)

VM Mutex/Monitor currently owned by a thread:  ([mutex/lock_event])
[0x000002021484c200] Heap_lock - owner thread: 0x0000020214851800

Heap address: 0x0000000084400000, size: 1980 MB, Compressed Oops mode: 32-bit
Narrow klass base: 0x0000000000000000, Narrow klass shift: 0

GC Heap History (0 events):
No events

Deoptimization events (0 events):
No events

Classes unloaded (0 events):
No events

Classes redefined (0 events):
No events

Internal exceptions (0 events):
No events

Events (2 events):
Event: 0.006 Loaded shared library D:\Java\jdk-14\bin\java.dll
Event: 0.007 Loaded shared library D:\Java\jdk-14\bin\zip.dll


Dynamic libraries:
0x00007ff699110000 - 0x00007ff69911d000 	D:\Java\jdk-14\bin\java.exe
0x00007ffca9890000 - 0x00007ffca9a88000 	C:\Windows\SYSTEM32\ntdll.dll
0x00007ffca8dc0000 - 0x00007ffca8e7d000 	C:\Windows\System32\KERNEL32.DLL
0x00007ffca7360000 - 0x00007ffca7656000 	C:\Windows\System32\KERNELBASE.dll
0x00007ffca7660000 - 0x00007ffca7760000 	C:\Windows\System32\ucrtbase.dll
0x00007ffca04b0000 - 0x00007ffca04c5000 	D:\Java\jdk-14\bin\VCRUNTIME140.dll
0x00007ffca2b60000 - 0x00007ffca2b78000 	D:\Java\jdk-14\bin\jli.dll
0x00007ffca8460000 - 0x00007ffca85ff000 	C:\Windows\System32\USER32.dll
0x00007ffc966d0000 - 0x00007ffc9696a000 	C:\Windows\WinSxS\amd64_microsoft.windows.common-controls_6595b64144ccf1df_6.0.19041.4355_none_60b8b9eb71f62e16\COMCTL32.dll
0x00007ffca7330000 - 0x00007ffca7352000 	C:\Windows\System32\win32u.dll
0x00007ffca8230000 - 0x00007ffca82ce000 	C:\Windows\System32\msvcrt.dll
0x00007ffca8a10000 - 0x00007ffca8a3b000 	C:\Windows\System32\GDI32.dll
0x00007ffca77b0000 - 0x00007ffca78c7000 	C:\Windows\System32\gdi32full.dll
0x00007ffca6f50000 - 0x00007ffca6fed000 	C:\Windows\System32\msvcp_win.dll
0x00007ffca89e0000 - 0x00007ffca8a0f000 	C:\Windows\System32\IMM32.DLL
0x00007ffc77ca0000 - 0x00007ffc77d3b000 	D:\Java\jdk-14\bin\msvcp140.dll
0x00007ffc58560000 - 0x00007ffc5907f000 	D:\Java\jdk-14\bin\server\jvm.dll
0x00007ffca9310000 - 0x00007ffca93c0000 	C:\Windows\System32\ADVAPI32.dll
0x00007ffca7a20000 - 0x00007ffca7ac0000 	C:\Windows\System32\sechost.dll
0x00007ffca82d0000 - 0x00007ffca83f3000 	C:\Windows\System32\RPCRT4.dll
0x00007ffca6ff0000 - 0x00007ffca7017000 	C:\Windows\System32\bcrypt.dll
0x00007ffca8870000 - 0x00007ffca8878000 	C:\Windows\System32\PSAPI.DLL
0x00007ffc9a270000 - 0x00007ffc9a297000 	C:\Windows\SYSTEM32\WINMM.dll
0x00007ffca2a20000 - 0x00007ffca2a29000 	C:\Windows\SYSTEM32\WSOCK32.dll
0x00007ffca86e0000 - 0x00007ffca874b000 	C:\Windows\System32\WS2_32.dll
0x00007ffc9eb30000 - 0x00007ffc9eb3a000 	C:\Windows\SYSTEM32\VERSION.dll
0x00007ffca4d70000 - 0x00007ffca4d82000 	C:\Windows\SYSTEM32\kernel.appcore.dll
0x00007ffca2770000 - 0x00007ffca277a000 	D:\Java\jdk-14\bin\jimage.dll
0x00007ffca4540000 - 0x00007ffca4724000 	C:\Windows\SYSTEM32\DBGHELP.DLL
0x00007ffc973a0000 - 0x00007ffc973d4000 	C:\Windows\SYSTEM32\dbgcore.DLL
0x00007ffca71f0000 - 0x00007ffca7272000 	C:\Windows\System32\bcryptPrimitives.dll
0x00007ffc95c30000 - 0x00007ffc95c55000 	D:\Java\jdk-14\bin\java.dll
0x00007ffc9ca00000 - 0x00007ffc9ca17000 	D:\Java\jdk-14\bin\zip.dll

dbghelp: loaded successfully - version: 4.0.5 - missing functions: none
symbol engine: initialized successfully - sym options: 0x614 - pdb path: .;D:\Java\jdk-14\bin;C:\Windows\SYSTEM32;C:\Windows\WinSxS\amd64_microsoft.windows.common-controls_6595b64144ccf1df_6.0.19041.4355_none_60b8b9eb71f62e16;D:\Java\jdk-14\bin\server

VM Arguments:
java_command: C:\Users\DELL\AppData\Local\Temp\surefire9382098749919778170\surefirebooter-20240615184057059_3.jar C:\Users\DELL\AppData\Local\Temp\surefire9382098749919778170 2024-06-15T18-40-56_918-jvmRun1 surefire-20240615184057059_1tmp surefire_0-20240615184057059_2tmp
java_class_path (initial): C:\Users\DELL\AppData\Local\Temp\surefire9382098749919778170\surefirebooter-20240615184057059_3.jar
Launcher Type: SUN_STANDARD

[Global flags]
     intx CICompilerCount                          = 4                                         {product} {ergonomic}
     uint ConcGCThreads                            = 2                                         {product} {ergonomic}
     uint G1ConcRefinementThreads                  = 8                                         {product} {ergonomic}
   size_t G1HeapRegionSize                         = 1048576                                   {product} {ergonomic}
    uintx GCDrainStackTargetSize                   = 64                                        {product} {ergonomic}
   size_t InitialHeapSize                          = 130023424                                 {product} {ergonomic}
   size_t MarkStackSize                            = 4194304                                   {product} {ergonomic}
   size_t MaxHeapSize                              = 2076180480                                {product} {ergonomic}
   size_t MinHeapDeltaBytes                        = 1048576                                   {product} {ergonomic}
   size_t MinHeapSize                              = 8388608                                   {product} {ergonomic}
    uintx NonNMethodCodeHeapSize                   = 5839372                                {pd product} {ergonomic}
    uintx NonProfiledCodeHeapSize                  = 122909434                              {pd product} {ergonomic}
    uintx ProfiledCodeHeapSize                     = 122909434                              {pd product} {ergonomic}
    uintx ReservedCodeCacheSize                    = 251658240                              {pd product} {ergonomic}
     bool SegmentedCodeCache                       = true                                      {product} {ergonomic}
   size_t SoftMaxHeapSize                          = 2076180480                             {manageable} {ergonomic}
     bool UseCompressedClassPointers               = true                                 {lp64_product} {ergonomic}
     bool UseCompressedOops                        = true                                 {lp64_product} {ergonomic}
     bool UseG1GC                                  = true                                      {product} {ergonomic}
     bool UseLargePagesIndividualAllocation        = false                                  {pd product} {ergonomic}

Logging:
Log output configuration:
 #0: stdout all=warning uptime,level,tags
 #1: stderr all=off uptime,level,tags

Environment Variables:
JAVA_HOME=D:\Java\jdk-14
PATH=C:\Program Files\Common Files\Oracle\Java\javapath;C:\Windows\system32;C:\Windows;C:\Windows\System32\Wbem;C:\Windows\System32\WindowsPowerShell\v1.0\;C:\Windows\System32\OpenSSH\;C:\Program Files\dotnet\;C:\Program Files\Git\cmd;C:\Program Files\Microsoft SQL Server\Client SDK\ODBC\170\Tools\Binn\;C:\Program Files\nodejs\;C:\Users\DELL\AppData\Local\Microsoft\WindowsApps;;C:\Users\DELL\AppData\Local\Programs\Microsoft VS Code\bin;C:\Program Files\JetBrains\PyCharm 2023.2.3\bin;;C:\Users\DELL\.dotnet\tools;C:\Users\DELL\AppData\Roaming\npm
USERNAME=DELL
OS=Windows_NT
PROCESSOR_IDENTIFIER=Intel64 Family 6 Model 140 Stepping 1, GenuineIntel



---------------  S Y S T E M  ---------------

OS: Windows 10 , 64 bit Build 19041 (10.0.19041.3636)
OS uptime: 0 days 8:50 hours
HyperV virtualization detected

CPU:total 8 (initial active 8) (4 cores per cpu, 2 threads per core) family 6 model 140 stepping 1, cmov, cx8, fxsr, mmx, sse, sse2, sse3, ssse3, sse4.1, sse4.2, popcnt, avx, avx2, aes, clmul, erms, 3dnowpref, lzcnt, ht, tsc, tscinvbit, bmi1, bmi2, adx, evex, sha, fma

Memory: 4k page, system-wide physical 7914M (831M free)
TotalPageFile size 20617M (AvailPageFile size 6M)
current process WorkingSet (physical memory assigned to process): 10M, peak: 10M
current process commit charge ("private bytes"): 60M, peak: 184M

vm_info: OpenJDK 64-Bit Server VM (14+36-1461) for windows-amd64 JRE (14+36-1461), built on Feb  6 2020 19:03:18 by "mach5one" with MS VC++ 15.9 (VS2017)

END.
